May 09, 2024 1:00:06 PM cis2039.pocketbeasts.FurtherEnhancements.TestRunner logEvent
FINE: Steve's turn starts.
May 09, 2024 1:00:06 PM cis2039.pocketbeasts.FurtherEnhancements.TestRunner logEvent
FINE: Mana and Card Draw Phase begins.
May 09, 2024 1:00:06 PM cis2039.pocketbeasts.FurtherEnhancements.TestRunner logEvent
FINE: Combat Phase begins.
May 09, 2024 1:00:06 PM cis2039.pocketbeasts.FurtherEnhancements.TestRunner logEvent
FINE: Card Removal Phase begins.
May 09, 2024 1:00:06 PM cis2039.pocketbeasts.FurtherEnhancements.TestRunner logEvent
FINE: Card Play Phase begins.
May 09, 2024 1:00:07 PM cis2039.pocketbeasts.FurtherEnhancements.TestRunner logEvent
FINE: State printed for player: Steve
May 09, 2024 1:00:07 PM cis2039.pocketbeasts.FurtherEnhancements.TestRunner logEvent
FINE: Steve's turn ends.
May 09, 2024 1:00:07 PM cis2039.pocketbeasts.FurtherEnhancements.TestRunner logEvent
FINE: Steve's turn starts.
May 09, 2024 1:00:07 PM cis2039.pocketbeasts.FurtherEnhancements.TestRunner logEvent
FINE: Mana and Card Draw Phase begins.
May 09, 2024 1:00:07 PM cis2039.pocketbeasts.FurtherEnhancements.TestRunner logEvent
FINE: Combat Phase begins.
May 09, 2024 1:20:29 PM cis2039.pocketbeasts.FurtherEnhancements.GameLogger logEvent
FINE: Steve's turn starts.
May 09, 2024 1:20:29 PM cis2039.pocketbeasts.FurtherEnhancements.GameLogger logEvent
FINE: Mana and Card Draw Phase begins.
May 09, 2024 1:20:29 PM cis2039.pocketbeasts.FurtherEnhancements.GameLogger logEvent
FINE: Combat Phase begins.
May 09, 2024 1:20:29 PM cis2039.pocketbeasts.FurtherEnhancements.GameLogger logEvent
FINE: Card Removal Phase begins.
May 09, 2024 1:20:29 PM cis2039.pocketbeasts.FurtherEnhancements.GameLogger logEvent
FINE: Card Play Phase begins.
May 09, 2024 1:20:29 PM cis2039.pocketbeasts.FurtherEnhancements.GameLogger logEvent
FINE: State printed for player: Steve
May 09, 2024 1:20:29 PM cis2039.pocketbeasts.FurtherEnhancements.GameLogger logEvent
FINE: Steve's turn ends.
May 09, 2024 1:20:29 PM cis2039.pocketbeasts.FurtherEnhancements.GameLogger logEvent
FINE: Steve's turn starts.
May 09, 2024 1:20:29 PM cis2039.pocketbeasts.FurtherEnhancements.GameLogger logEvent
FINE: Mana and Card Draw Phase begins.
May 09, 2024 1:20:29 PM cis2039.pocketbeasts.FurtherEnhancements.GameLogger logEvent
FINE: Combat Phase begins.
May 09, 2024 1:20:29 PM cis2039.pocketbeasts.FurtherEnhancements.GameLogger logEvent
FINE: Card Removal Phase begins.
May 09, 2024 1:20:29 PM cis2039.pocketbeasts.FurtherEnhancements.GameLogger logEvent
FINE: Card Play Phase begins.
May 09, 2024 1:20:30 PM cis2039.pocketbeasts.FurtherEnhancements.GameLogger logEvent
FINE: State printed for player: Steve
May 09, 2024 1:20:30 PM cis2039.pocketbeasts.FurtherEnhancements.GameLogger logEvent
FINE: Steve's turn ends.
May 09, 2024 1:20:30 PM cis2039.pocketbeasts.FurtherEnhancements.GameLogger logEvent
FINE: Steve's turn starts.
May 09, 2024 1:20:30 PM cis2039.pocketbeasts.FurtherEnhancements.GameLogger logEvent
FINE: Mana and Card Draw Phase begins.
May 09, 2024 1:20:30 PM cis2039.pocketbeasts.FurtherEnhancements.GameLogger logEvent
FINE: Combat Phase begins.
May 09, 2024 1:20:32 PM cis2039.pocketbeasts.FurtherEnhancements.GameLogger logEvent
FINE: Steve decides to attack with Hardshell Beetle
May 09, 2024 1:20:33 PM cis2039.pocketbeasts.FurtherEnhancements.GameLogger logEvent
FINE: Card Removal Phase begins.
May 09, 2024 1:20:33 PM cis2039.pocketbeasts.FurtherEnhancements.GameLogger logEvent
FINE: Card Play Phase begins.
May 09, 2024 1:20:35 PM cis2039.pocketbeasts.FurtherEnhancements.GameLogger logEvent
FINE: State printed for player: Steve
May 09, 2024 1:20:35 PM cis2039.pocketbeasts.FurtherEnhancements.GameLogger logEvent
FINE: Steve's turn ends.
May 09, 2024 1:20:35 PM cis2039.pocketbeasts.FurtherEnhancements.GameLogger logEvent
FINE: Steve's turn starts.
May 09, 2024 1:20:35 PM cis2039.pocketbeasts.FurtherEnhancements.GameLogger logEvent
FINE: Mana and Card Draw Phase begins.
May 09, 2024 1:20:35 PM cis2039.pocketbeasts.FurtherEnhancements.GameLogger logEvent
FINE: Combat Phase begins.
